# JRE version: OpenJDK Runtime Environment (11.0.11+9) (build 11.0.11+9-b60-7590822)
# Java VM: OpenJDK 64-Bit Server VM (11.0.11+9-b60-7590822, mixed mode, tiered, compressed oops, g1 gc, windows-amd64)
Heap:
 garbage-first heap   total 118784K, used 57368K [0x00000000a0000000, 0x0000000100000000)
  region size 1024K, 13 young (13312K), 6 survivors (6144K)
 Metaspace       used 64209K, capacity 65610K, committed 65920K, reserved 1105920K
  class space    used 7963K, capacity 8463K, committed 8576K, reserved 1048576K
GC Heap History (20 events):
Event: 9.129 GC heap before
{Heap before GC invocations=4 (full 0):
 garbage-first heap   total 118784K, used 35026K [0x00000000a0000000, 0x0000000100000000)
  region size 1024K, 24 young (24576K), 4 survivors (4096K)
 Metaspace       used 20622K, capacity 21069K, committed 21248K, reserved 1067008K
  class space    used 2527K, capacity 2691K, committed 2816K, reserved 1048576K
}
Event: 9.140 GC heap after
{Heap after GC invocations=5 (full 0):
 garbage-first heap   total 118784K, used 16081K [0x00000000a0000000, 0x0000000100000000)
  region size 1024K, 1 young (1024K), 1 survivors (1024K)
 Metaspace       used 20622K, capacity 21069K, committed 21248K, reserved 1067008K
  class space    used 2527K, capacity 2691K, committed 2816K, reserved 1048576K
}
Event: 10.851 GC heap before
{Heap before GC invocations=6 (full 0):
 garbage-first heap   total 118784K, used 61137K [0x00000000a0000000, 0x0000000100000000)
  region size 1024K, 45 young (46080K), 1 survivors (1024K)
 Metaspace       used 25522K, capacity 26086K, committed 26368K, reserved 1073152K
  class space    used 3308K, capacity 3515K, committed 3584K, reserved 1048576K
}
Event: 10.858 GC heap after
{Heap after GC invocations=7 (full 0):
 garbage-first heap   total 118784K, used 17801K [0x00000000a0000000, 0x0000000100000000)
  region size 1024K, 3 young (3072K), 3 survivors (3072K)
 Metaspace       used 25522K, capacity 26086K, committed 26368K, reserved 1073152K
  class space    used 3308K, capacity 3515K, committed 3584K, reserved 1048576K
}
Event: 13.450 GC heap before
{Heap before GC invocations=7 (full 0):
 garbage-first heap   total 118784K, used 67977K [0x00000000a0000000, 0x0000000100000000)
  region size 1024K, 52 young (53248K), 3 survivors (3072K)
 Metaspace       used 34332K, capacity 34997K, committed 35200K, reserved 1079296K
  class space    used 4444K, capacity 4699K, committed 4736K, reserved 1048576K
}
Event: 13.464 GC heap after
{Heap after GC invocations=8 (full 0):
 garbage-first heap   total 118784K, used 21041K [0x00000000a0000000, 0x0000000100000000)
  region size 1024K, 6 young (6144K), 6 survivors (6144K)
 Metaspace       used 34332K, capacity 34997K, committed 35200K, reserved 1079296K
  class space    used 4444K, capacity 4699K, committed 4736K, reserved 1048576K
}
Event: 13.746 GC heap before
{Heap before GC invocations=8 (full 0):
 garbage-first heap   total 118784K, used 30257K [0x00000000a0000000, 0x0000000100000000)
  region size 1024K, 14 young (14336K), 6 survivors (6144K)
 Metaspace       used 35094K, capacity 35739K, committed 35840K, reserved 1081344K
  class space    used 4514K, capacity 4775K, committed 4864K, reserved 1048576K
}
Event: 13.761 GC heap after
{Heap after GC invocations=9 (full 0):
 garbage-first heap   total 118784K, used 23862K [0x00000000a0000000, 0x0000000100000000)
  region size 1024K, 4 young (4096K), 4 survivors (4096K)
 Metaspace       used 35094K, capacity 35739K, committed 35840K, reserved 1081344K
  class space    used 4514K, capacity 4775K, committed 4864K, reserved 1048576K
}
Event: 16.072 GC heap before
{Heap before GC invocations=10 (full 0):
 garbage-first heap   total 118784K, used 76086K [0x00000000a0000000, 0x0000000100000000)
  region size 1024K, 54 young (55296K), 4 survivors (4096K)
 Metaspace       used 39856K, capacity 40600K, committed 40704K, reserved 1085440K
  class space    used 5067K, capacity 5344K, committed 5376K, reserved 1048576K
}
Event: 16.099 GC heap after
{Heap after GC invocations=11 (full 0):
 garbage-first heap   total 118784K, used 25134K [0x00000000a0000000, 0x0000000100000000)
  region size 1024K, 5 young (5120K), 5 survivors (5120K)
 Metaspace       used 39856K, capacity 40600K, committed 40704K, reserved 1085440K
  class space    used 5067K, capacity 5344K, committed 5376K, reserved 1048576K
}
Event: 18.340 GC heap before
{Heap before GC invocations=12 (full 0):
 garbage-first heap   total 118784K, used 76334K [0x00000000a0000000, 0x0000000100000000)
  region size 1024K, 55 young (56320K), 5 survivors (5120K)
 Metaspace       used 43890K, capacity 44902K, committed 44928K, reserved 1087488K
  class space    used 5620K, capacity 5994K, committed 6016K, reserved 1048576K
}
Event: 18.354 GC heap after
{Heap after GC invocations=13 (full 0):
 garbage-first heap   total 118784K, used 27423K [0x00000000a0000000, 0x0000000100000000)
  region size 1024K, 6 young (6144K), 6 survivors (6144K)
 Metaspace       used 43890K, capacity 44902K, committed 44928K, reserved 1087488K
  class space    used 5620K, capacity 5994K, committed 6016K, reserved 1048576K
}
Event: 27.155 GC heap before
{Heap before GC invocations=13 (full 0):
 garbage-first heap   total 118784K, used 86815K [0x00000000a0000000, 0x0000000100000000)
  region size 1024K, 58 young (59392K), 6 survivors (6144K)
 Metaspace       used 46916K, capacity 47940K, committed 48128K, reserved 1091584K
  class space    used 5900K, capacity 6276K, committed 6400K, reserved 1048576K
}
Event: 27.177 GC heap after
{Heap after GC invocations=14 (full 0):
 garbage-first heap   total 118784K, used 43169K [0x00000000a0000000, 0x0000000100000000)
  region size 1024K, 8 young (8192K), 8 survivors (8192K)
 Metaspace       used 46916K, capacity 47940K, committed 48128K, reserved 1091584K
  class space    used 5900K, capacity 6276K, committed 6400K, reserved 1048576K
}
Event: 29.182 GC heap before
{Heap before GC invocations=14 (full 0):
 garbage-first heap   total 118784K, used 87201K [0x00000000a0000000, 0x0000000100000000)
  region size 1024K, 51 young (52224K), 8 survivors (8192K)
 Metaspace       used 52259K, capacity 53453K, committed 53632K, reserved 1095680K
  class space    used 6533K, capacity 6962K, committed 7040K, reserved 1048576K
}
Event: 29.197 GC heap after
{Heap after GC invocations=15 (full 0):
 garbage-first heap   total 118784K, used 45928K [0x00000000a0000000, 0x0000000100000000)
  region size 1024K, 2 young (2048K), 2 survivors (2048K)
 Metaspace       used 52259K, capacity 53453K, committed 53632K, reserved 1095680K
  class space    used 6533K, capacity 6962K, committed 7040K, reserved 1048576K
}
Event: 31.135 GC heap before
{Heap before GC invocations=15 (full 0):
 garbage-first heap   total 118784K, used 89960K [0x00000000a0000000, 0x0000000100000000)
  region size 1024K, 45 young (46080K), 2 survivors (2048K)
 Metaspace       used 57805K, capacity 59065K, committed 59136K, reserved 1101824K
  class space    used 7205K, capacity 7677K, committed 7680K, reserved 1048576K
}
Event: 31.146 GC heap after
{Heap after GC invocations=16 (full 0):
 garbage-first heap   total 118784K, used 48763K [0x00000000a0000000, 0x0000000100000000)
  region size 1024K, 5 young (5120K), 5 survivors (5120K)
 Metaspace       used 57805K, capacity 59065K, committed 59136K, reserved 1101824K
  class space    used 7205K, capacity 7677K, committed 7680K, reserved 1048576K
}
Event: 33.921 GC heap before
{Heap before GC invocations=16 (full 0):
 garbage-first heap   total 118784K, used 92795K [0x00000000a0000000, 0x0000000100000000)
  region size 1024K, 47 young (48128K), 5 survivors (5120K)
 Metaspace       used 63637K, capacity 65004K, committed 65280K, reserved 1105920K
  class space    used 7878K, capacity 8390K, committed 8448K, reserved 1048576K
}
Event: 33.934 GC heap after
{Heap after GC invocations=17 (full 0):
 garbage-first heap   total 118784K, used 51224K [0x00000000a0000000, 0x0000000100000000)
  region size 1024K, 6 young (6144K), 6 survivors (6144K)
 Metaspace       used 63637K, capacity 65004K, committed 65280K, reserved 1105920K
  class space    used 7878K, capacity 8390K, committed 8448K, reserved 1048576K
}

